<?xml version="1.0" encoding="UTF-8"?>
<testng-results total="1" passed="1" failed="0" skipped="0">
  <reporter-output>
  </reporter-output>
  <suite started-at="2022-07-31T03:56:31Z" name="Default suite" finished-at="2022-07-31T03:57:01Z" duration-ms="29804">
    <groups>
    </groups>
    <test started-at="2022-07-31T03:56:31Z" name="Default test" finished-at="2022-07-31T03:57:01Z" duration-ms="29804">
      <class name="com.browserstack.run_second_test.SecondTest">
        <test-method is-config="true" signature="setUp()[pri:0, instance:com.browserstack.run_second_test.SecondTest@39d9314d]" started-at="2022-07-31T10:56:31Z" name="setUp" finished-at="2022-07-31T10:56:54Z" duration-ms="22857" status="PASS">
          <reporter-output>
          </reporter-output>
        </test-method> <!-- setUp -->
        <test-method signature="test()[pri:0, instance:com.browserstack.run_second_test.SecondTest@39d9314d]" started-at="2022-07-31T10:56:54Z" name="test" finished-at="2022-07-31T10:57:00Z" duration-ms="5573" status="PASS">
          <reporter-output>
          </reporter-output>
        </test-method> <!-- test -->
        <test-method is-config="true" signature="tearDown()[pri:0, instance:com.browserstack.run_second_test.SecondTest@39d9314d]" started-at="2022-07-31T10:57:00Z" name="tearDown" finished-at="2022-07-31T10:57:01Z" duration-ms="1365" status="PASS">
          <reporter-output>
          </reporter-output>
        </test-method> <!-- tearDown -->
      </class> <!-- com.browserstack.run_second_test.SecondTest -->
    </test> <!-- Default test -->
  </suite> <!-- Default suite -->
</testng-results>
